[GIN-debug] PUT    /adega/vinho/:vinho       --> main.PutVinho (4 handlers)
[GIN-debug] POST   /adega/vinho/             --> main.PostVinho (4 handlers)
[GIN-debug] PUT    /adega/vinho/:vinho/garrafas/:quantidade --> main.UpdateQtd (4 handlers)
[GIN-debug] GET    /adega/vinho/:vinho       --> main.GetVinho (4 handlers)
[GIN-debug] GET    /adega                    --> main.GetAdega (4 handlers)
[GIN-debug] Listening and serving HTTP on :9191
2019/09/15 23:24:39 Iniciando rota GetAdega
2019/09/15 23:24:39 Nenhum vinho
[GIN-debug] redirecting request 307: /adega/vinho --> /adega/vinho/
2019/09/15 23:28:43 Iniciando rota PostVinho
2019/09/15 23:28:43 Iniciando AddVinho
2019/09/15 23:28:43 Validando se o vinho existe
2019/09/15 23:28:43 Vinho já existente
2019/09/15 23:28:43 Vinho já existente
[GIN-debug] redirecting request 307: /adega/vinho --> /adega/vinho/
2019/09/15 23:28:56 Iniciando rota PostVinho
2019/09/15 23:28:56 Iniciando AddVinho
2019/09/15 23:28:56 Validando se o vinho existe
2019/09/15 23:28:56 Vinho já existente
2019/09/15 23:28:56 Vinho já existente
[GIN-debug] PUT    /adega/vinho/:vinho       --> main.PutVinho (4 handlers)
[GIN-debug] POST   /adega/vinho/             --> main.PostVinho (4 handlers)
[GIN-debug] PUT    /adega/vinho/:vinho/garrafas/:quantidade --> main.UpdateQtd (4 handlers)
[GIN-debug] GET    /adega/vinho/:vinho       --> main.GetVinho (4 handlers)
[GIN-debug] GET    /adega                    --> main.GetAdega (4 handlers)
[GIN-debug] Listening and serving HTTP on :9191
[GIN-debug] redirecting request 307: /adega/vinho --> /adega/vinho/
2019/09/15 23:30:00 Iniciando rota PostVinho
2019/09/15 23:30:00 Iniciando AddVinho
2019/09/15 23:30:00 Validando se o vinho existe
2019/09/15 23:30:00 Adicionando vinho
2019/09/15 23:30:00 Finalizando AddVinho com sucesso
2019/09/15 23:30:00 Vinho inserido
[GIN-debug] PUT    /adega/vinho/:vinho       --> main.PutVinho (4 handlers)
[GIN-debug] POST   /adega/vinho/             --> main.PostVinho (4 handlers)
[GIN-debug] PUT    /adega/vinho/:vinho/garrafas/:quantidade --> main.UpdateQtd (4 handlers)
[GIN-debug] GET    /adega/vinho/:vinho       --> main.GetVinho (4 handlers)
[GIN-debug] GET    /adega                    --> main.GetAdega (4 handlers)
[GIN-debug] Listening and serving HTTP on :9191
[GIN-debug] redirecting request 307: /adega/vinho --> /adega/vinho/
2019/09/15 23:31:09 Iniciando rota PostVinho
2019/09/15 23:31:09 Iniciando AddVinho
2019/09/15 23:31:09 Validando se o vinho existe
2019/09/15 23:31:09 Adicionando vinho
2019/09/15 23:31:09 Finalizando AddVinho com sucesso
2019/09/15 23:31:09 Vinho inserido
[GIN-debug] redirecting request 307: /adega/vinho --> /adega/vinho/
2019/09/15 23:31:45 Iniciando rota PostVinho
2019/09/15 23:31:45 nome: non zero value required
[GIN-debug] redirecting request 307: /adega/vinho --> /adega/vinho/
2019/09/15 23:32:12 Iniciando rota PostVinho
2019/09/15 23:32:12 Iniciando AddVinho
2019/09/15 23:32:12 Validando se o vinho existe
2019/09/15 23:32:12 Vinho já existente
2019/09/15 23:32:12 Vinho já existente
[GIN-debug] PUT    /adega/vinho/:vinho       --> main.PutVinho (4 handlers)
[GIN-debug] POST   /adega/vinho/             --> main.PostVinho (4 handlers)
[GIN-debug] PUT    /adega/vinho/:vinho/garrafas/:quantidade --> main.UpdateQtd (4 handlers)
[GIN-debug] GET    /adega/vinho/:vinho       --> main.GetVinho (4 handlers)
[GIN-debug] GET    /adega                    --> main.GetAdega (4 handlers)
[GIN-debug] Listening and serving HTTP on :9191
[GIN-debug] redirecting request 307: /adega/vinho --> /adega/vinho/
2019/09/15 23:32:37 Iniciando rota PostVinho
2019/09/15 23:32:37 Iniciando AddVinho
2019/09/15 23:32:37 Validando se o vinho existe
2019/09/15 23:32:37 Adicionando vinho
2019/09/15 23:32:37 Finalizando AddVinho com sucesso
2019/09/15 23:32:37 Vinho inserido
2019/09/15 23:32:43 Iniciando rota GetAdega
[GIN-debug] PUT    /adega/vinho/:vinho       --> main.PutVinho (4 handlers)
[GIN-debug] POST   /adega/vinho/             --> main.PostVinho (4 handlers)
[GIN-debug] POST   /adega/vinhos/            --> main.PostVinhos (4 handlers)
[GIN-debug] PUT    /adega/vinho/:vinho/garrafas/:quantidade --> main.UpdateQtd (4 handlers)
[GIN-debug] GET    /adega/vinho/:vinho       --> main.GetVinho (4 handlers)
[GIN-debug] GET    /adega                    --> main.GetAdega (4 handlers)
[GIN-debug] Listening and serving HTTP on :9191
[GIN-debug] redirecting request 307: /adega/vinhos --> /adega/vinhos/
2019/09/15 23:50:01 Iniciando rota PostVinhos
2019/09/15 23:50:01 Iniciando AddVinho
2019/09/15 23:50:01 Validando se o vinho existe
2019/09/15 23:50:01 Adicionando vinho
2019/09/15 23:50:01 Finalizando AddVinho com sucesso
2019/09/15 23:50:01 Iniciando AddVinho
2019/09/15 23:50:01 Validando se o vinho existe
2019/09/15 23:50:01 Vinho já existente
2019/09/15 23:50:01 Vinho já existente
[GIN-debug] redirecting request 307: /adega/vinhos --> /adega/vinhos/
2019/09/15 23:50:22 Iniciando rota PostVinhos
2019/09/15 23:50:22 <nil>
[GIN-debug] PUT    /adega/vinho/:vinho       --> main.PutVinho (4 handlers)
[GIN-debug] POST   /adega/vinho/             --> main.PostVinho (4 handlers)
[GIN-debug] POST   /adega/vinhos/            --> main.PostVinhos (4 handlers)
[GIN-debug] PUT    /adega/vinho/:vinho/garrafas/:quantidade --> main.UpdateQtd (4 handlers)
[GIN-debug] GET    /adega/vinho/:vinho       --> main.GetVinho (4 handlers)
[GIN-debug] GET    /adega                    --> main.GetAdega (4 handlers)
[GIN-debug] Listening and serving HTTP on :9191
[GIN-debug] redirecting request 307: /adega/vinhos --> /adega/vinhos/
2019/09/15 23:52:36 Iniciando rota PostVinhos
2019/09/15 23:52:36 Realizando validações
2019/09/15 23:52:36 Iniciando AddVinho
2019/09/15 23:52:36 Validando se o vinho existe
2019/09/15 23:52:36 Adicionando vinho
2019/09/15 23:52:36 Finalizando AddVinho com sucesso
2019/09/15 23:52:36 Iniciando AddVinho
2019/09/15 23:52:36 Validando se o vinho existe
2019/09/15 23:52:36 Adicionando vinho
2019/09/15 23:52:36 Finalizando AddVinho com sucesso
2019/09/15 23:52:36 Iniciando AddVinho
2019/09/15 23:52:36 Validando se o vinho existe
2019/09/15 23:52:36 Adicionando vinho
2019/09/15 23:52:36 Finalizando AddVinho com sucesso
2019/09/15 23:52:36 Iniciando AddVinho
2019/09/15 23:52:36 Validando se o vinho existe
2019/09/15 23:52:36 Adicionando vinho
2019/09/15 23:52:36 Finalizando AddVinho com sucesso
2019/09/15 23:52:36 Vinhos inseridos
[GIN-debug] redirecting request 307: /adega/vinhos --> /adega/vinhos/
2019/09/15 23:54:02 Iniciando rota PostVinhos
2019/09/15 23:54:02 Realizando validações
2019/09/15 23:54:02 Vinho já existente: Campo Largo
[GIN-debug] PUT    /adega/vinho/:vinho       --> main.PutVinho (4 handlers)
[GIN-debug] POST   /adega/vinho/             --> main.PostVinho (4 handlers)
[GIN-debug] POST   /adega/vinhos/            --> main.PostVinhos (4 handlers)
[GIN-debug] PUT    /adega/vinho/:vinho/garrafas/:quantidade --> main.UpdateQtd (4 handlers)
[GIN-debug] GET    /adega/vinho/:vinho       --> main.GetVinho (4 handlers)
[GIN-debug] GET    /adega                    --> main.GetAdega (4 handlers)
[GIN-debug] Listening and serving HTTP on :9191
[GIN-debug] redirecting request 307: /adega/vinhos --> /adega/vinhos/
2019/09/15 23:54:53 Iniciando rota PostVinhos
2019/09/15 23:54:53 Realizando validações
2019/09/15 23:54:53 Iniciando AddVinho
2019/09/15 23:54:53 Validando se o vinho existe
2019/09/15 23:54:53 Adicionando vinho
2019/09/15 23:54:53 Finalizando AddVinho com sucesso
2019/09/15 23:54:53 Iniciando AddVinho
2019/09/15 23:54:53 Validando se o vinho existe
2019/09/15 23:54:53 Adicionando vinho
2019/09/15 23:54:53 Finalizando AddVinho com sucesso
2019/09/15 23:54:53 Iniciando AddVinho
2019/09/15 23:54:53 Validando se o vinho existe
2019/09/15 23:54:53 Adicionando vinho
2019/09/15 23:54:53 Finalizando AddVinho com sucesso
2019/09/15 23:54:53 Iniciando AddVinho
2019/09/15 23:54:53 Validando se o vinho existe
2019/09/15 23:54:53 Adicionando vinho
2019/09/15 23:54:53 Finalizando AddVinho com sucesso
2019/09/15 23:54:53 Vinhos inseridos
[GIN-debug] redirecting request 307: /adega/vinhos --> /adega/vinhos/
2019/09/15 23:54:54 Iniciando rota PostVinhos
2019/09/15 23:54:54 Realizando validações
2019/09/15 23:54:54 Vinho já existente: Campo Largo
2019/09/15 23:55:32 Iniciando rota GetAdega
2019/09/15 23:58:08 Iniciando rota PutVinho
2019/09/15 23:58:08 Iniciando OverrideVinho
2019/09/15 23:58:08 Apagando antigo
2019/09/15 23:58:08 Adicionando novo vinho
2019/09/15 23:58:08 Finalizando OverrideVinho
2019/09/15 23:58:08 Vinho inserido/atualizado
2019/09/15 23:58:35 Iniciando rota PutVinho
2019/09/15 23:58:35 Iniciando OverrideVinho
2019/09/15 23:58:35 Apagando antigo
2019/09/15 23:58:35 Adicionando novo vinho
2019/09/15 23:58:35 Finalizando OverrideVinho
2019/09/15 23:58:35 Vinho inserido/atualizado
2019/09/15 23:58:55 Iniciando rota PutVinho
2019/09/15 23:58:55 nome: non zero value required
2019/09/15 23:59:01 Iniciando rota PutVinho
2019/09/15 23:59:01 nome: non zero value required
2019/09/15 23:59:14 Iniciando rota PutVinho
2019/09/15 23:59:14 nome: non zero value required;tipoVinho: non zero value required
2019/09/16 00:01:52 Iniciando rota UpdateQtd
2019/09/16 00:01:52 Iniciando UpdateQtdGarrafasVinho
2019/09/16 00:01:52 Atualizando quantidade
2019/09/16 00:01:52 Finalizando UpdateQtdGarrafasVinho
2019/09/16 00:01:52 Quantidade atualizada
2019/09/16 00:02:09 Iniciando rota UpdateQtd
2019/09/16 00:02:09 Iniciando UpdateQtdGarrafasVinho
2019/09/16 00:02:09 Atualizando quantidade
2019/09/16 00:02:09 Finalizando UpdateQtdGarrafasVinho
2019/09/16 00:02:09 Quantidade atualizada
